2023-06-03 12:32:26,636 [Worker-1: Loading available Gradle versions] INFO  o.e.b.c.i.u.g.PublishedGradleVersions - Gradle version information cache is out-of-date. Trying to update.
2023-06-03 12:32:31,934 [Worker-1: Loading available Gradle versions] INFO  o.e.b.c.i.u.g.PublishedGradleVersions - Updating Gradle version information cache failed. Using outdated cache.
2023-06-03 12:36:21,824 [Worker-1: Launching mavenrun-b078fd00-6582-4c43-9580-5ff1958a14af] INFO  o.eclipse.m2e.core.internal.Bundles - getClasspathEntries(Bundle=org.eclipse.m2e.maven.runtime_3.8.604.20221130-2149 [603])
2023-06-03 12:36:21,858 [Worker-1: Launching mavenrun-b078fd00-6582-4c43-9580-5ff1958a14af] INFO  o.eclipse.m2e.core.internal.Bundles - 	Entry: C:\Users\Hp\.p2\pool\plugins\org.eclipse.m2e.maven.runtime_3.8.604.20221130-2149
2023-06-03 12:36:21,866 [Worker-1: Launching mavenrun-b078fd00-6582-4c43-9580-5ff1958a14af] INFO  o.eclipse.m2e.core.internal.Bundles - 	Entry: C:\Users\Hp\.p2\pool\plugins\org.eclipse.m2e.maven.runtime_3.8.604.20221130-2149\jars\aether-connector-okhttp-0.17.8.jar
2023-06-03 12:36:21,866 [Worker-1: Launching mavenrun-b078fd00-6582-4c43-9580-5ff1958a14af] INFO  o.eclipse.m2e.core.internal.Bundles - 	Entry: C:\Users\Hp\.p2\pool\plugins\org.eclipse.m2e.maven.runtime_3.8.604.20221130-2149\jars\commons-cli-1.4.jar
2023-06-03 12:36:21,867 [Worker-1: Launching mavenrun-b078fd00-6582-4c43-9580-5ff1958a14af] INFO  o.eclipse.m2e.core.internal.Bundles - 	Entry: C:\Users\Hp\.p2\pool\plugins\org.eclipse.m2e.maven.runtime_3.8.604.20221130-2149\jars\commons-io-2.6.jar
2023-06-03 12:36:21,867 [Worker-1: Launching mavenrun-b078fd00-6582-4c43-9580-5ff1958a14af] INFO  o.eclipse.m2e.core.internal.Bundles - 	Entry: C:\Users\Hp\.p2\pool\plugins\org.eclipse.m2e.maven.runtime_3.8.604.20221130-2149\jars\commons-lang3-3.8.1.jar
2023-06-03 12:36:21,867 [Worker-1: Launching mavenrun-b078fd00-6582-4c43-9580-5ff1958a14af] INFO  o.eclipse.m2e.core.internal.Bundles - 	Entry: C:\Users\Hp\.p2\pool\plugins\org.eclipse.m2e.maven.runtime_3.8.604.20221130-2149\jars\guice-4.2.2-no_aop.jar
2023-06-03 12:36:21,868 [Worker-1: Launching mavenrun-b078fd00-6582-4c43-9580-5ff1958a14af] INFO  o.eclipse.m2e.core.internal.Bundles - 	Entry: C:\Users\Hp\.p2\pool\plugins\org.eclipse.m2e.maven.runtime_3.8.604.20221130-2149\jars\jansi-2.4.0.jar
2023-06-03 12:36:21,868 [Worker-1: Launching mavenrun-b078fd00-6582-4c43-9580-5ff1958a14af] INFO  o.eclipse.m2e.core.internal.Bundles - 	Entry: C:\Users\Hp\.p2\pool\plugins\org.eclipse.m2e.maven.runtime_3.8.604.20221130-2149\jars\maven-artifact-3.8.6.jar
2023-06-03 12:36:21,868 [Worker-1: Launching mavenrun-b078fd00-6582-4c43-9580-5ff1958a14af] INFO  o.eclipse.m2e.core.internal.Bundles - 	Entry: C:\Users\Hp\.p2\pool\plugins\org.eclipse.m2e.maven.runtime_3.8.604.20221130-2149\jars\maven-builder-support-3.8.6.jar
2023-06-03 12:36:21,869 [Worker-1: Launching mavenrun-b078fd00-6582-4c43-9580-5ff1958a14af] INFO  o.eclipse.m2e.core.internal.Bundles - 	Entry: C:\Users\Hp\.p2\pool\plugins\org.eclipse.m2e.maven.runtime_3.8.604.20221130-2149\jars\maven-compat-3.8.6.jar
2023-06-03 12:36:21,869 [Worker-1: Launching mavenrun-b078fd00-6582-4c43-9580-5ff1958a14af] INFO  o.eclipse.m2e.core.internal.Bundles - 	Entry: C:\Users\Hp\.p2\pool\plugins\org.eclipse.m2e.maven.runtime_3.8.604.20221130-2149\jars\maven-core-3.8.6.jar
2023-06-03 12:36:21,870 [Worker-1: Launching mavenrun-b078fd00-6582-4c43-9580-5ff1958a14af] INFO  o.eclipse.m2e.core.internal.Bundles - 	Entry: C:\Users\Hp\.p2\pool\plugins\org.eclipse.m2e.maven.runtime_3.8.604.20221130-2149\jars\maven-embedder-3.8.6.jar
2023-06-03 12:36:21,870 [Worker-1: Launching mavenrun-b078fd00-6582-4c43-9580-5ff1958a14af] INFO  o.eclipse.m2e.core.internal.Bundles - 	Entry: C:\Users\Hp\.p2\pool\plugins\org.eclipse.m2e.maven.runtime_3.8.604.20221130-2149\jars\maven-model-3.8.6.jar
2023-06-03 12:36:21,870 [Worker-1: Launching mavenrun-b078fd00-6582-4c43-9580-5ff1958a14af] INFO  o.eclipse.m2e.core.internal.Bundles - 	Entry: C:\Users\Hp\.p2\pool\plugins\org.eclipse.m2e.maven.runtime_3.8.604.20221130-2149\jars\maven-model-builder-3.8.6.jar
2023-06-03 12:36:21,871 [Worker-1: Launching mavenrun-b078fd00-6582-4c43-9580-5ff1958a14af] INFO  o.eclipse.m2e.core.internal.Bundles - 	Entry: C:\Users\Hp\.p2\pool\plugins\org.eclipse.m2e.maven.runtime_3.8.604.20221130-2149\jars\maven-plugin-api-3.8.6.jar
2023-06-03 12:36:21,871 [Worker-1: Launching mavenrun-b078fd00-6582-4c43-9580-5ff1958a14af] INFO  o.eclipse.m2e.core.internal.Bundles - 	Entry: C:\Users\Hp\.p2\pool\plugins\org.eclipse.m2e.maven.runtime_3.8.604.20221130-2149\jars\maven-repository-metadata-3.8.6.jar
2023-06-03 12:36:21,871 [Worker-1: Launching mavenrun-b078fd00-6582-4c43-9580-5ff1958a14af] INFO  o.eclipse.m2e.core.internal.Bundles - 	Entry: C:\Users\Hp\.p2\pool\plugins\org.eclipse.m2e.maven.runtime_3.8.604.20221130-2149\jars\maven-resolver-api-1.6.3.jar
2023-06-03 12:36:21,872 [Worker-1: Launching mavenrun-b078fd00-6582-4c43-9580-5ff1958a14af] INFO  o.eclipse.m2e.core.internal.Bundles - 	Entry: C:\Users\Hp\.p2\pool\plugins\org.eclipse.m2e.maven.runtime_3.8.604.20221130-2149\jars\maven-resolver-connector-basic-1.6.3.jar
2023-06-03 12:36:21,872 [Worker-1: Launching mavenrun-b078fd00-6582-4c43-9580-5ff1958a14af] INFO  o.eclipse.m2e.core.internal.Bundles - 	Entry: C:\Users\Hp\.p2\pool\plugins\org.eclipse.m2e.maven.runtime_3.8.604.20221130-2149\jars\maven-resolver-impl-1.6.3.jar
2023-06-03 12:36:21,872 [Worker-1: Launching mavenrun-b078fd00-6582-4c43-9580-5ff1958a14af] INFO  o.eclipse.m2e.core.internal.Bundles - 	Entry: C:\Users\Hp\.p2\pool\plugins\org.eclipse.m2e.maven.runtime_3.8.604.20221130-2149\jars\maven-resolver-provider-3.8.6.jar
2023-06-03 12:36:21,873 [Worker-1: Launching mavenrun-b078fd00-6582-4c43-9580-5ff1958a14af] INFO  o.eclipse.m2e.core.internal.Bundles - 	Entry: C:\Users\Hp\.p2\pool\plugins\org.eclipse.m2e.maven.runtime_3.8.604.20221130-2149\jars\maven-resolver-spi-1.6.3.jar
2023-06-03 12:36:21,873 [Worker-1: Launching mavenrun-b078fd00-6582-4c43-9580-5ff1958a14af] INFO  o.eclipse.m2e.core.internal.Bundles - 	Entry: C:\Users\Hp\.p2\pool\plugins\org.eclipse.m2e.maven.runtime_3.8.604.20221130-2149\jars\maven-resolver-transport-wagon-1.6.3.jar
2023-06-03 12:36:21,873 [Worker-1: Launching mavenrun-b078fd00-6582-4c43-9580-5ff1958a14af] INFO  o.eclipse.m2e.core.internal.Bundles - 	Entry: C:\Users\Hp\.p2\pool\plugins\org.eclipse.m2e.maven.runtime_3.8.604.20221130-2149\jars\maven-resolver-util-1.6.3.jar
2023-06-03 12:36:21,874 [Worker-1: Launching mavenrun-b078fd00-6582-4c43-9580-5ff1958a14af] INFO  o.eclipse.m2e.core.internal.Bundles - 	Entry: C:\Users\Hp\.p2\pool\plugins\org.eclipse.m2e.maven.runtime_3.8.604.20221130-2149\jars\maven-settings-3.8.6.jar
2023-06-03 12:36:21,874 [Worker-1: Launching mavenrun-b078fd00-6582-4c43-9580-5ff1958a14af] INFO  o.eclipse.m2e.core.internal.Bundles - 	Entry: C:\Users\Hp\.p2\pool\plugins\org.eclipse.m2e.maven.runtime_3.8.604.20221130-2149\jars\maven-settings-builder-3.8.6.jar
2023-06-03 12:36:21,875 [Worker-1: Launching mavenrun-b078fd00-6582-4c43-9580-5ff1958a14af] INFO  o.eclipse.m2e.core.internal.Bundles - 	Entry: C:\Users\Hp\.p2\pool\plugins\org.eclipse.m2e.maven.runtime_3.8.604.20221130-2149\jars\maven-shared-utils-3.3.4.jar
2023-06-03 12:36:21,875 [Worker-1: Launching mavenrun-b078fd00-6582-4c43-9580-5ff1958a14af] INFO  o.eclipse.m2e.core.internal.Bundles - 	Entry: C:\Users\Hp\.p2\pool\plugins\org.eclipse.m2e.maven.runtime_3.8.604.20221130-2149\jars\okhttp-3.14.1.jar
2023-06-03 12:36:21,876 [Worker-1: Launching mavenrun-b078fd00-6582-4c43-9580-5ff1958a14af] INFO  o.eclipse.m2e.core.internal.Bundles - 	Entry: C:\Users\Hp\.p2\pool\plugins\org.eclipse.m2e.maven.runtime_3.8.604.20221130-2149\jars\okio-1.17.3.jar
2023-06-03 12:36:21,886 [Worker-1: Launching mavenrun-b078fd00-6582-4c43-9580-5ff1958a14af] INFO  o.eclipse.m2e.core.internal.Bundles - 	Entry: C:\Users\Hp\.p2\pool\plugins\org.eclipse.m2e.maven.runtime_3.8.604.20221130-2149\jars\org.eclipse.sisu.inject-0.3.5.jar
2023-06-03 12:36:21,887 [Worker-1: Launching mavenrun-b078fd00-6582-4c43-9580-5ff1958a14af] INFO  o.eclipse.m2e.core.internal.Bundles - 	Entry: C:\Users\Hp\.p2\pool\plugins\org.eclipse.m2e.maven.runtime_3.8.604.20221130-2149\jars\org.eclipse.sisu.plexus-0.3.5.jar
2023-06-03 12:36:21,887 [Worker-1: Launching mavenrun-b078fd00-6582-4c43-9580-5ff1958a14af] INFO  o.eclipse.m2e.core.internal.Bundles - 	Entry: C:\Users\Hp\.p2\pool\plugins\org.eclipse.m2e.maven.runtime_3.8.604.20221130-2149\jars\plexus-build-api-0.0.7.jar
2023-06-03 12:36:21,888 [Worker-1: Launching mavenrun-b078fd00-6582-4c43-9580-5ff1958a14af] INFO  o.eclipse.m2e.core.internal.Bundles - 	Entry: C:\Users\Hp\.p2\pool\plugins\org.eclipse.m2e.maven.runtime_3.8.604.20221130-2149\jars\plexus-cipher-2.0.jar
2023-06-03 12:36:21,888 [Worker-1: Launching mavenrun-b078fd00-6582-4c43-9580-5ff1958a14af] INFO  o.eclipse.m2e.core.internal.Bundles - 	Entry: C:\Users\Hp\.p2\pool\plugins\org.eclipse.m2e.maven.runtime_3.8.604.20221130-2149\jars\plexus-classworlds-2.6.0.jar
2023-06-03 12:36:21,889 [Worker-1: Launching mavenrun-b078fd00-6582-4c43-9580-5ff1958a14af] INFO  o.eclipse.m2e.core.internal.Bundles - 	Entry: C:\Users\Hp\.p2\pool\plugins\org.eclipse.m2e.maven.runtime_3.8.604.20221130-2149\jars\plexus-component-annotations-2.1.0.jar
2023-06-03 12:36:21,891 [Worker-1: Launching mavenrun-b078fd00-6582-4c43-9580-5ff1958a14af] INFO  o.eclipse.m2e.core.internal.Bundles - 	Entry: C:\Users\Hp\.p2\pool\plugins\org.eclipse.m2e.maven.runtime_3.8.604.20221130-2149\jars\plexus-interpolation-1.26.jar
2023-06-03 12:36:21,892 [Worker-1: Launching mavenrun-b078fd00-6582-4c43-9580-5ff1958a14af] INFO  o.eclipse.m2e.core.internal.Bundles - 	Entry: C:\Users\Hp\.p2\pool\plugins\org.eclipse.m2e.maven.runtime_3.8.604.20221130-2149\jars\plexus-sec-dispatcher-2.0.jar
2023-06-03 12:36:21,892 [Worker-1: Launching mavenrun-b078fd00-6582-4c43-9580-5ff1958a14af] INFO  o.eclipse.m2e.core.internal.Bundles - 	Entry: C:\Users\Hp\.p2\pool\plugins\org.eclipse.m2e.maven.runtime_3.8.604.20221130-2149\jars\plexus-utils-3.3.1.jar
2023-06-03 12:36:21,893 [Worker-1: Launching mavenrun-b078fd00-6582-4c43-9580-5ff1958a14af] INFO  o.eclipse.m2e.core.internal.Bundles - 	Entry: C:\Users\Hp\.p2\pool\plugins\org.eclipse.m2e.maven.runtime_3.8.604.20221130-2149\jars\wagon-file-3.5.1.jar
2023-06-03 12:36:21,893 [Worker-1: Launching mavenrun-b078fd00-6582-4c43-9580-5ff1958a14af] INFO  o.eclipse.m2e.core.internal.Bundles - 	Entry: C:\Users\Hp\.p2\pool\plugins\org.eclipse.m2e.maven.runtime_3.8.604.20221130-2149\jars\wagon-provider-api-3.5.1.jar
2023-06-03 12:36:21,897 [Worker-1: Launching mavenrun-b078fd00-6582-4c43-9580-5ff1958a14af] INFO  o.eclipse.m2e.core.internal.Bundles - getClasspathEntries(Bundle=com.google.guava_30.1.0.v20221112-0806 [10])
2023-06-03 12:36:21,924 [Worker-1: Launching mavenrun-b078fd00-6582-4c43-9580-5ff1958a14af] INFO  o.eclipse.m2e.core.internal.Bundles - 	Entry: C:\Users\Hp\.p2\pool\plugins\com.google.guava_30.1.0.v20221112-0806.jar
2023-06-03 12:36:21,925 [Worker-1: Launching mavenrun-b078fd00-6582-4c43-9580-5ff1958a14af] INFO  o.eclipse.m2e.core.internal.Bundles - getClasspathEntries(Bundle=slf4j.api_1.7.36 [915])
2023-06-03 12:36:21,930 [Worker-1: Launching mavenrun-b078fd00-6582-4c43-9580-5ff1958a14af] INFO  o.eclipse.m2e.core.internal.Bundles - 	Entry: C:\Users\Hp\.p2\pool\plugins\slf4j.api_1.7.36.jar
2023-06-03 12:36:21,931 [Worker-1: Launching mavenrun-b078fd00-6582-4c43-9580-5ff1958a14af] INFO  o.eclipse.m2e.core.internal.Bundles - getClasspathEntries(Bundle=javax.inject_1.0.0.v20220405-0441 [32])
2023-06-03 12:36:21,933 [Worker-1: Launching mavenrun-b078fd00-6582-4c43-9580-5ff1958a14af] INFO  o.eclipse.m2e.core.internal.Bundles - 	Entry: C:\Users\Hp\.p2\pool\plugins\javax.inject_1.0.0.v20220405-0441.jar
2023-06-03 12:36:21,933 [Worker-1: Launching mavenrun-b078fd00-6582-4c43-9580-5ff1958a14af] INFO  o.eclipse.m2e.core.internal.Bundles - getClasspathEntries(Bundle=javax.annotation_1.3.5.v20221112-0806 [30])
2023-06-03 12:36:21,935 [Worker-1: Launching mavenrun-b078fd00-6582-4c43-9580-5ff1958a14af] INFO  o.eclipse.m2e.core.internal.Bundles - 	Entry: C:\Users\Hp\.p2\pool\plugins\javax.annotation_1.3.5.v20221112-0806.jar
2023-06-03 12:36:21,959 [Worker-1: Launching mavenrun-b078fd00-6582-4c43-9580-5ff1958a14af] INFO  o.e.m.i.launch.MavenLaunchDelegate - Run build in "C:\Users\Hp\AppData\Local\Temp\m2e-archetypeGenerator15745055655774857871":
2023-06-03 12:36:21,965 [Worker-1: Launching mavenrun-b078fd00-6582-4c43-9580-5ff1958a14af] INFO  o.e.m.i.launch.MavenLaunchDelegate -  mvn  -DarchetypeGroupId=org.apache.maven.archetypes -DarchetypeArtifactId=maven-archetype-webapp -DarchetypeVersion=1.4 -DgroupId=org.jsp -DartifactId=Demo -Dversion=0.0.1-SNAPSHOT -Dpackage=org.jsp.Demo -DoutputDirectory=E:\Spring-Test -Dstyle.color=always -U archetype:generate
2023-06-03 12:37:50,537 [Worker-3: Creating maven-archetype-webapp] INFO  o.e.m.c.i.p.ProjectConfigurationManager - Collecting project info '/pom.xml' E:\Spring-Test\Demo\pom.xml
2023-06-03 12:37:57,316 [Worker-3: Creating maven-archetype-webapp] INFO  o.e.m.c.i.l.LifecycleMappingFactory - Using org.maven.ide.eclipse.wtp.WarLifecycleMapping lifecycle mapping for MavenProject: org.jsp:Demo:0.0.1-SNAPSHOT @ E:\Spring-Test\Demo\pom.xml.
2023-06-03 12:38:01,692 [Worker-3: Creating maven-archetype-webapp] INFO  o.e.m.j.i.AbstractJavaProjectConfigurator - Adding source folder /Demo/src/main/java
2023-06-03 12:38:01,693 [Worker-3: Creating maven-archetype-webapp] INFO  o.e.m.j.i.AbstractJavaProjectConfigurator - Adding source folder /Demo/src/test/java
2023-06-03 12:38:33,649 [Worker-3: Creating maven-archetype-webapp] INFO  o.e.m.c.i.p.ProjectConfigurationManager - Imported and configured 1 project(s) in 43 sec
2023-06-03 12:38:37,795 [Worker-8: Building] INFO  o.e.m.c.i.embedder.EclipseLogger - Using 'UTF-8' encoding to copy filtered resources.
2023-06-03 12:38:37,795 [Worker-8: Building] INFO  o.e.m.c.i.embedder.EclipseLogger - skip non existing resourceDirectory E:\Spring-Test\Demo\src\main\resources
2023-06-03 12:38:37,802 [Worker-8: Building] INFO  o.e.m.c.i.embedder.EclipseLogger - Using 'UTF-8' encoding to copy filtered resources.
2023-06-03 12:38:37,802 [Worker-8: Building] INFO  o.e.m.c.i.embedder.EclipseLogger - skip non existing resourceDirectory E:\Spring-Test\Demo\src\test\resources
2023-06-03 12:39:47,348 [Worker-1: Building] INFO  o.e.m.c.i.embedder.EclipseLogger - Using 'UTF-8' encoding to copy filtered resources.
2023-06-03 12:39:47,348 [Worker-1: Building] INFO  o.e.m.c.i.embedder.EclipseLogger - skip non existing resourceDirectory E:\Spring-Test\Demo\src\main\resources
2023-06-03 12:39:47,489 [Worker-1: Building] INFO  o.e.m.c.i.embedder.EclipseLogger - Using 'UTF-8' encoding to copy filtered resources.
2023-06-03 12:39:47,492 [Worker-1: Building] INFO  o.e.m.c.i.embedder.EclipseLogger - skip non existing resourceDirectory E:\Spring-Test\Demo\src\test\resources
2023-06-03 12:40:05,272 [Worker-16: Building] INFO  o.e.m.c.i.embedder.EclipseLogger - Using 'UTF-8' encoding to copy filtered resources.
2023-06-03 12:40:05,272 [Worker-16: Building] INFO  o.e.m.c.i.embedder.EclipseLogger - skip non existing resourceDirectory E:\Spring-Test\Demo\src\main\resources
2023-06-03 12:40:05,276 [Worker-16: Building] INFO  o.e.m.c.i.embedder.EclipseLogger - Using 'UTF-8' encoding to copy filtered resources.
2023-06-03 12:40:05,277 [Worker-16: Building] INFO  o.e.m.c.i.embedder.EclipseLogger - skip non existing resourceDirectory E:\Spring-Test\Demo\src\test\resources
2023-06-03 12:45:43,935 [Worker-16: Building] INFO  o.e.m.c.i.l.LifecycleMappingFactory - Using org.maven.ide.eclipse.wtp.WarLifecycleMapping lifecycle mapping for MavenProject: org.jsp:Demo:0.0.1-SNAPSHOT @ E:\Spring-Test\Demo\pom.xml.
2023-06-03 12:45:49,119 [Worker-16: Building] INFO  o.e.m.c.i.embedder.EclipseLogger - Using 'UTF-8' encoding to copy filtered resources.
2023-06-03 12:45:49,120 [Worker-16: Building] INFO  o.e.m.c.i.embedder.EclipseLogger - skip non existing resourceDirectory E:\Spring-Test\Demo\src\main\resources
2023-06-03 12:45:49,196 [Worker-16: Building] INFO  o.e.m.c.i.embedder.EclipseLogger - Using 'UTF-8' encoding to copy filtered resources.
2023-06-03 12:45:49,196 [Worker-16: Building] INFO  o.e.m.c.i.embedder.EclipseLogger - skip non existing resourceDirectory E:\Spring-Test\Demo\src\test\resources
2023-06-03 12:45:49,288 [Worker-16: Building] INFO  o.e.m.w.i.f.ResourceFilteringBuildParticipant - Changed resources require a complete clean of filtered resources of Demo
2023-06-03 12:45:49,290 [Worker-16: Building] INFO  o.e.m.w.i.f.ResourceFilteringBuildParticipant - Executing resource filtering for Demo
2023-06-03 12:45:49,298 [Worker-16: Building] INFO  o.e.m.c.i.embedder.EclipseLogger - Using 'UTF-8' encoding to copy filtered resources.
2023-06-03 12:45:50,701 [Worker-16: Building] INFO  o.e.m.c.i.embedder.EclipseLogger - Using 'UTF-8' encoding to copy filtered resources.
2023-06-03 12:45:50,702 [Worker-16: Building] INFO  o.e.m.c.i.embedder.EclipseLogger - skip non existing resourceDirectory E:\Spring-Test\Demo\src\main\resources
2023-06-03 12:45:50,705 [Worker-16: Building] INFO  o.e.m.c.i.embedder.EclipseLogger - Using 'UTF-8' encoding to copy filtered resources.
2023-06-03 12:45:50,705 [Worker-16: Building] INFO  o.e.m.c.i.embedder.EclipseLogger - skip non existing resourceDirectory E:\Spring-Test\Demo\src\test\resources
2023-06-03 12:46:40,196 [Worker-21: Building] INFO  o.e.m.c.i.embedder.EclipseLogger - Using 'UTF-8' encoding to copy filtered resources.
2023-06-03 12:46:40,196 [Worker-21: Building] INFO  o.e.m.c.i.embedder.EclipseLogger - skip non existing resourceDirectory E:\Spring-Test\Demo\src\main\resources
2023-06-03 12:46:40,199 [Worker-21: Building] INFO  o.e.m.c.i.embedder.EclipseLogger - Using 'UTF-8' encoding to copy filtered resources.
2023-06-03 12:46:40,199 [Worker-21: Building] INFO  o.e.m.c.i.embedder.EclipseLogger - skip non existing resourceDirectory E:\Spring-Test\Demo\src\test\resources
2023-06-03 12:47:13,713 [Worker-20: Building] INFO  o.e.m.c.i.embedder.EclipseLogger - Using 'UTF-8' encoding to copy filtered resources.
2023-06-03 12:47:13,714 [Worker-20: Building] INFO  o.e.m.c.i.embedder.EclipseLogger - skip non existing resourceDirectory E:\Spring-Test\Demo\src\main\resources
2023-06-03 12:47:13,718 [Worker-20: Building] INFO  o.e.m.c.i.embedder.EclipseLogger - Using 'UTF-8' encoding to copy filtered resources.
2023-06-03 12:47:13,719 [Worker-20: Building] INFO  o.e.m.c.i.embedder.EclipseLogger - skip non existing resourceDirectory E:\Spring-Test\Demo\src\test\resources
2023-06-03 12:47:29,117 [Worker-21: Building] INFO  o.e.m.c.i.embedder.EclipseLogger - Using 'UTF-8' encoding to copy filtered resources.
2023-06-03 12:47:29,118 [Worker-21: Building] INFO  o.e.m.c.i.embedder.EclipseLogger - skip non existing resourceDirectory E:\Spring-Test\Demo\src\main\resources
2023-06-03 12:47:29,135 [Worker-21: Building] INFO  o.e.m.c.i.embedder.EclipseLogger - Using 'UTF-8' encoding to copy filtered resources.
2023-06-03 12:47:29,135 [Worker-21: Building] INFO  o.e.m.c.i.embedder.EclipseLogger - skip non existing resourceDirectory E:\Spring-Test\Demo\src\test\resources
2023-06-21 19:45:44,078 [Worker-2: Loading available Gradle versions] INFO  o.e.b.c.i.u.g.PublishedGradleVersions - Gradle version information cache is out-of-date. Trying to update.
2023-06-21 19:45:51,512 [Worker-2: Loading available Gradle versions] INFO  o.e.b.c.i.u.g.PublishedGradleVersions - Updating Gradle version information cache failed. Using outdated cache.
2023-06-21 19:47:05,836 [Worker-17: Building] INFO  o.e.m.c.i.embedder.EclipseLogger - Using 'UTF-8' encoding to copy filtered resources.
2023-06-21 19:47:05,837 [Worker-17: Building] INFO  o.e.m.c.i.embedder.EclipseLogger - skip non existing resourceDirectory E:\Spring-Test\Demo\src\main\resources
2023-06-21 19:47:05,849 [Worker-17: Building] INFO  o.e.m.c.i.embedder.EclipseLogger - Using 'UTF-8' encoding to copy filtered resources.
2023-06-21 19:47:05,850 [Worker-17: Building] INFO  o.e.m.c.i.embedder.EclipseLogger - skip non existing resourceDirectory E:\Spring-Test\Demo\src\test\resources
2023-06-21 19:58:14,259 [Worker-18: Building] INFO  o.e.m.c.i.embedder.EclipseLogger - Using 'UTF-8' encoding to copy filtered resources.
2023-06-21 19:58:14,263 [Worker-18: Building] INFO  o.e.m.c.i.embedder.EclipseLogger - skip non existing resourceDirectory E:\Spring-Test\Demo\src\main\resources
2023-06-21 19:58:14,272 [Worker-18: Building] INFO  o.e.m.c.i.embedder.EclipseLogger - Using 'UTF-8' encoding to copy filtered resources.
2023-06-21 19:58:14,272 [Worker-18: Building] INFO  o.e.m.c.i.embedder.EclipseLogger - skip non existing resourceDirectory E:\Spring-Test\Demo\src\test\resources
2023-06-21 19:58:20,181 [Worker-20: Building] INFO  o.e.m.c.i.embedder.EclipseLogger - Using 'UTF-8' encoding to copy filtered resources.
2023-06-21 19:58:20,181 [Worker-20: Building] INFO  o.e.m.c.i.embedder.EclipseLogger - skip non existing resourceDirectory E:\Spring-Test\Demo\src\main\resources
2023-06-21 19:58:20,284 [Worker-20: Building] INFO  o.e.m.c.i.embedder.EclipseLogger - Using 'UTF-8' encoding to copy filtered resources.
2023-06-21 19:58:20,284 [Worker-20: Building] INFO  o.e.m.c.i.embedder.EclipseLogger - skip non existing resourceDirectory E:\Spring-Test\Demo\src\test\resources
2023-06-21 19:58:27,806 [Worker-18: Building] INFO  o.e.m.c.i.embedder.EclipseLogger - Using 'UTF-8' encoding to copy filtered resources.
2023-06-21 19:58:27,806 [Worker-18: Building] INFO  o.e.m.c.i.embedder.EclipseLogger - skip non existing resourceDirectory E:\Spring-Test\Demo\src\main\resources
2023-06-21 19:58:27,886 [Worker-18: Building] INFO  o.e.m.c.i.embedder.EclipseLogger - Using 'UTF-8' encoding to copy filtered resources.
2023-06-21 19:58:27,886 [Worker-18: Building] INFO  o.e.m.c.i.embedder.EclipseLogger - skip non existing resourceDirectory E:\Spring-Test\Demo\src\test\resources
2023-06-21 21:33:44,648 [Worker-0: Loading available Gradle versions] INFO  o.e.b.c.i.u.g.PublishedGradleVersions - Gradle version information cache is out-of-date. Trying to update.
2023-06-21 21:33:51,888 [Worker-0: Loading available Gradle versions] INFO  o.e.b.c.i.u.g.PublishedGradleVersions - Updating Gradle version information cache failed. Using outdated cache.
2023-06-21 21:35:41,615 [Worker-8: Building] INFO  o.e.m.c.i.embedder.EclipseLogger - Using 'UTF-8' encoding to copy filtered resources.
2023-06-21 21:35:41,619 [Worker-8: Building] INFO  o.e.m.c.i.embedder.EclipseLogger - skip non existing resourceDirectory E:\Spring-Test\Demo\src\main\resources
2023-06-21 21:35:41,638 [Worker-8: Building] INFO  o.e.m.c.i.embedder.EclipseLogger - Using 'UTF-8' encoding to copy filtered resources.
2023-06-21 21:35:41,639 [Worker-8: Building] INFO  o.e.m.c.i.embedder.EclipseLogger - skip non existing resourceDirectory E:\Spring-Test\Demo\src\test\resources
2023-06-21 21:35:55,121 [Worker-3: Building] INFO  o.e.m.c.i.embedder.EclipseLogger - Using 'UTF-8' encoding to copy filtered resources.
2023-06-21 21:35:55,121 [Worker-3: Building] INFO  o.e.m.c.i.embedder.EclipseLogger - skip non existing resourceDirectory E:\Spring-Test\Demo\src\main\resources
2023-06-21 21:35:55,129 [Worker-3: Building] INFO  o.e.m.c.i.embedder.EclipseLogger - Using 'UTF-8' encoding to copy filtered resources.
2023-06-21 21:35:55,129 [Worker-3: Building] INFO  o.e.m.c.i.embedder.EclipseLogger - skip non existing resourceDirectory E:\Spring-Test\Demo\src\test\resources
2023-06-21 21:37:26,994 [Worker-1: Building] INFO  o.e.m.c.i.embedder.EclipseLogger - Using 'UTF-8' encoding to copy filtered resources.
2023-06-21 21:37:26,994 [Worker-1: Building] INFO  o.e.m.c.i.embedder.EclipseLogger - skip non existing resourceDirectory E:\Spring-Test\Demo\src\main\resources
2023-06-21 21:37:27,013 [Worker-1: Building] INFO  o.e.m.c.i.embedder.EclipseLogger - Using 'UTF-8' encoding to copy filtered resources.
2023-06-21 21:37:27,013 [Worker-1: Building] INFO  o.e.m.c.i.embedder.EclipseLogger - skip non existing resourceDirectory E:\Spring-Test\Demo\src\test\resources
2023-06-21 21:37:51,018 [Worker-2: Building] INFO  o.e.m.c.i.embedder.EclipseLogger - Using 'UTF-8' encoding to copy filtered resources.
2023-06-21 21:37:51,019 [Worker-2: Building] INFO  o.e.m.c.i.embedder.EclipseLogger - skip non existing resourceDirectory E:\Spring-Test\Demo\src\main\resources
2023-06-21 21:37:51,031 [Worker-2: Building] INFO  o.e.m.c.i.embedder.EclipseLogger - Using 'UTF-8' encoding to copy filtered resources.
2023-06-21 21:37:51,032 [Worker-2: Building] INFO  o.e.m.c.i.embedder.EclipseLogger - skip non existing resourceDirectory E:\Spring-Test\Demo\src\test\resources
2023-06-21 21:39:58,839 [Worker-8: Building] INFO  o.e.m.c.i.embedder.EclipseLogger - Using 'UTF-8' encoding to copy filtered resources.
2023-06-21 21:39:58,839 [Worker-8: Building] INFO  o.e.m.c.i.embedder.EclipseLogger - skip non existing resourceDirectory E:\Spring-Test\Demo\src\main\resources
2023-06-21 21:39:58,855 [Worker-8: Building] INFO  o.e.m.c.i.embedder.EclipseLogger - Using 'UTF-8' encoding to copy filtered resources.
2023-06-21 21:39:58,855 [Worker-8: Building] INFO  o.e.m.c.i.embedder.EclipseLogger - skip non existing resourceDirectory E:\Spring-Test\Demo\src\test\resources
2023-06-21 21:40:34,790 [Worker-9: Building] INFO  o.e.m.c.i.embedder.EclipseLogger - Using 'UTF-8' encoding to copy filtered resources.
2023-06-21 21:40:34,791 [Worker-9: Building] INFO  o.e.m.c.i.embedder.EclipseLogger - skip non existing resourceDirectory E:\Spring-Test\Demo\src\main\resources
2023-06-21 21:40:34,794 [Worker-9: Building] INFO  o.e.m.c.i.embedder.EclipseLogger - Using 'UTF-8' encoding to copy filtered resources.
2023-06-21 21:40:34,794 [Worker-9: Building] INFO  o.e.m.c.i.embedder.EclipseLogger - skip non existing resourceDirectory E:\Spring-Test\Demo\src\test\resources
2023-06-21 21:42:23,918 [Worker-8: Building] INFO  o.e.m.c.i.embedder.EclipseLogger - Using 'UTF-8' encoding to copy filtered resources.
2023-06-21 21:42:23,918 [Worker-8: Building] INFO  o.e.m.c.i.embedder.EclipseLogger - skip non existing resourceDirectory E:\Spring-Test\Demo\src\main\resources
2023-06-21 21:42:23,943 [Worker-8: Building] INFO  o.e.m.c.i.embedder.EclipseLogger - Using 'UTF-8' encoding to copy filtered resources.
2023-06-21 21:42:23,943 [Worker-8: Building] INFO  o.e.m.c.i.embedder.EclipseLogger - skip non existing resourceDirectory E:\Spring-Test\Demo\src\test\resources
2023-06-21 21:43:25,394 [Worker-5: Building] INFO  o.e.m.c.i.embedder.EclipseLogger - Using 'UTF-8' encoding to copy filtered resources.
2023-06-21 21:43:25,394 [Worker-5: Building] INFO  o.e.m.c.i.embedder.EclipseLogger - skip non existing resourceDirectory E:\Spring-Test\Demo\src\main\resources
2023-06-21 21:43:25,397 [Worker-5: Building] INFO  o.e.m.c.i.embedder.EclipseLogger - Using 'UTF-8' encoding to copy filtered resources.
2023-06-21 21:43:25,397 [Worker-5: Building] INFO  o.e.m.c.i.embedder.EclipseLogger - skip non existing resourceDirectory E:\Spring-Test\Demo\src\test\resources
2023-06-21 21:45:11,348 [Worker-5: Building] INFO  o.e.m.c.i.embedder.EclipseLogger - Using 'UTF-8' encoding to copy filtered resources.
2023-06-21 21:45:11,348 [Worker-5: Building] INFO  o.e.m.c.i.embedder.EclipseLogger - skip non existing resourceDirectory E:\Spring-Test\Demo\src\main\resources
2023-06-21 21:45:11,351 [Worker-5: Building] INFO  o.e.m.c.i.embedder.EclipseLogger - Using 'UTF-8' encoding to copy filtered resources.
2023-06-21 21:45:11,354 [Worker-5: Building] INFO  o.e.m.c.i.embedder.EclipseLogger - skip non existing resourceDirectory E:\Spring-Test\Demo\src\test\resources
2023-06-21 21:51:55,654 [Worker-0: Loading available Gradle versions] INFO  o.e.b.c.i.u.g.PublishedGradleVersions - Gradle version information cache is out-of-date. Trying to update.
2023-06-21 21:52:08,640 [Worker-0: Loading available Gradle versions] INFO  o.e.b.c.i.u.g.PublishedGradleVersions - Updating Gradle version information cache failed. Using outdated cache.
2023-06-21 21:59:27,815 [Worker-12: Building] INFO  o.e.m.c.i.embedder.EclipseLogger - Using 'UTF-8' encoding to copy filtered resources.
2023-06-21 21:59:27,870 [Worker-12: Building] INFO  o.e.m.c.i.embedder.EclipseLogger - skip non existing resourceDirectory E:\Spring-Test\Demo\src\main\resources
2023-06-21 21:59:27,963 [Worker-12: Building] INFO  o.e.m.c.i.embedder.EclipseLogger - Using 'UTF-8' encoding to copy filtered resources.
2023-06-21 21:59:27,963 [Worker-12: Building] INFO  o.e.m.c.i.embedder.EclipseLogger - skip non existing resourceDirectory E:\Spring-Test\Demo\src\test\resources
2023-06-21 21:59:39,867 [Worker-5: Building] INFO  o.e.m.c.i.embedder.EclipseLogger - Using 'UTF-8' encoding to copy filtered resources.
2023-06-21 21:59:39,868 [Worker-5: Building] INFO  o.e.m.c.i.embedder.EclipseLogger - skip non existing resourceDirectory E:\Spring-Test\Demo\src\main\resources
2023-06-21 21:59:39,880 [Worker-5: Building] INFO  o.e.m.c.i.embedder.EclipseLogger - Using 'UTF-8' encoding to copy filtered resources.
2023-06-21 21:59:39,880 [Worker-5: Building] INFO  o.e.m.c.i.embedder.EclipseLogger - skip non existing resourceDirectory E:\Spring-Test\Demo\src\test\resources
2023-06-21 22:01:27,204 [Worker-12: Building] INFO  o.e.m.c.i.embedder.EclipseLogger - Using 'UTF-8' encoding to copy filtered resources.
2023-06-21 22:01:27,205 [Worker-12: Building] INFO  o.e.m.c.i.embedder.EclipseLogger - skip non existing resourceDirectory E:\Spring-Test\Demo\src\main\resources
2023-06-21 22:01:27,216 [Worker-12: Building] INFO  o.e.m.c.i.embedder.EclipseLogger - Using 'UTF-8' encoding to copy filtered resources.
2023-06-21 22:01:27,216 [Worker-12: Building] INFO  o.e.m.c.i.embedder.EclipseLogger - skip non existing resourceDirectory E:\Spring-Test\Demo\src\test\resources
2023-06-21 22:16:32,990 [Worker-18: Building] INFO  o.e.m.c.i.embedder.EclipseLogger - Using 'UTF-8' encoding to copy filtered resources.
2023-06-21 22:16:32,990 [Worker-18: Building] INFO  o.e.m.c.i.embedder.EclipseLogger - skip non existing resourceDirectory E:\Spring-Test\Demo\src\main\resources
2023-06-21 22:16:32,992 [Worker-18: Building] INFO  o.e.m.c.i.embedder.EclipseLogger - Using 'UTF-8' encoding to copy filtered resources.
2023-06-21 22:16:32,993 [Worker-18: Building] INFO  o.e.m.c.i.embedder.EclipseLogger - skip non existing resourceDirectory E:\Spring-Test\Demo\src\test\resources
2023-06-21 22:21:17,807 [Worker-21: Building] INFO  o.e.m.c.i.embedder.EclipseLogger - Using 'UTF-8' encoding to copy filtered resources.
2023-06-21 22:21:17,807 [Worker-21: Building] INFO  o.e.m.c.i.embedder.EclipseLogger - skip non existing resourceDirectory E:\Spring-Test\Demo\src\main\resources
2023-06-21 22:21:17,811 [Worker-21: Building] INFO  o.e.m.c.i.embedder.EclipseLogger - Using 'UTF-8' encoding to copy filtered resources.
2023-06-21 22:21:17,811 [Worker-21: Building] INFO  o.e.m.c.i.embedder.EclipseLogger - skip non existing resourceDirectory E:\Spring-Test\Demo\src\test\resources
2023-06-21 22:24:16,476 [Worker-20: Building] INFO  o.e.m.c.i.embedder.EclipseLogger - Using 'UTF-8' encoding to copy filtered resources.
2023-06-21 22:24:16,477 [Worker-20: Building] INFO  o.e.m.c.i.embedder.EclipseLogger - skip non existing resourceDirectory E:\Spring-Test\Demo\src\main\resources
2023-06-21 22:24:16,481 [Worker-20: Building] INFO  o.e.m.c.i.embedder.EclipseLogger - Using 'UTF-8' encoding to copy filtered resources.
2023-06-21 22:24:16,482 [Worker-20: Building] INFO  o.e.m.c.i.embedder.EclipseLogger - skip non existing resourceDirectory E:\Spring-Test\Demo\src\test\resources
2023-06-21 22:25:35,576 [Worker-21: Building] INFO  o.e.m.c.i.embedder.EclipseLogger - Using 'UTF-8' encoding to copy filtered resources.
2023-06-21 22:25:35,576 [Worker-21: Building] INFO  o.e.m.c.i.embedder.EclipseLogger - skip non existing resourceDirectory E:\Spring-Test\Demo\src\main\resources
2023-06-21 22:25:35,702 [Worker-21: Building] INFO  o.e.m.c.i.embedder.EclipseLogger - Using 'UTF-8' encoding to copy filtered resources.
2023-06-21 22:25:35,711 [Worker-21: Building] INFO  o.e.m.c.i.embedder.EclipseLogger - skip non existing resourceDirectory E:\Spring-Test\Demo\src\test\resources
2023-06-21 22:25:48,587 [Worker-20: Building] INFO  o.e.m.c.i.embedder.EclipseLogger - Using 'UTF-8' encoding to copy filtered resources.
2023-06-21 22:25:48,588 [Worker-20: Building] INFO  o.e.m.c.i.embedder.EclipseLogger - skip non existing resourceDirectory E:\Spring-Test\Demo\src\main\resources
2023-06-21 22:25:48,618 [Worker-20: Building] INFO  o.e.m.c.i.embedder.EclipseLogger - Using 'UTF-8' encoding to copy filtered resources.
2023-06-21 22:25:48,618 [Worker-20: Building] INFO  o.e.m.c.i.embedder.EclipseLogger - skip non existing resourceDirectory E:\Spring-Test\Demo\src\test\resources
2023-06-21 22:26:55,784 [Worker-21: Building] INFO  o.e.m.c.i.embedder.EclipseLogger - Using 'UTF-8' encoding to copy filtered resources.
2023-06-21 22:26:55,785 [Worker-21: Building] INFO  o.e.m.c.i.embedder.EclipseLogger - skip non existing resourceDirectory E:\Spring-Test\Demo\src\main\resources
2023-06-21 22:26:55,788 [Worker-21: Building] INFO  o.e.m.c.i.embedder.EclipseLogger - Using 'UTF-8' encoding to copy filtered resources.
2023-06-21 22:26:55,791 [Worker-21: Building] INFO  o.e.m.c.i.embedder.EclipseLogger - skip non existing resourceDirectory E:\Spring-Test\Demo\src\test\resources
2023-06-21 22:27:19,199 [Worker-20: Building] INFO  o.e.m.c.i.embedder.EclipseLogger - Using 'UTF-8' encoding to copy filtered resources.
2023-06-21 22:27:19,199 [Worker-20: Building] INFO  o.e.m.c.i.embedder.EclipseLogger - skip non existing resourceDirectory E:\Spring-Test\Demo\src\main\resources
2023-06-21 22:27:19,203 [Worker-20: Building] INFO  o.e.m.c.i.embedder.EclipseLogger - Using 'UTF-8' encoding to copy filtered resources.
2023-06-21 22:27:19,203 [Worker-20: Building] INFO  o.e.m.c.i.embedder.EclipseLogger - skip non existing resourceDirectory E:\Spring-Test\Demo\src\test\resources
2023-06-21 22:30:26,688 [Worker-20: Building] INFO  o.e.m.c.i.embedder.EclipseLogger - Using 'UTF-8' encoding to copy filtered resources.
2023-06-21 22:30:26,688 [Worker-20: Building] INFO  o.e.m.c.i.embedder.EclipseLogger - skip non existing resourceDirectory E:\Spring-Test\Demo\src\main\resources
2023-06-21 22:30:26,702 [Worker-20: Building] INFO  o.e.m.c.i.embedder.EclipseLogger - Using 'UTF-8' encoding to copy filtered resources.
2023-06-21 22:30:26,702 [Worker-20: Building] INFO  o.e.m.c.i.embedder.EclipseLogger - skip non existing resourceDirectory E:\Spring-Test\Demo\src\test\resources
2023-06-21 22:40:15,576 [Worker-26: Building] INFO  o.e.m.c.i.embedder.EclipseLogger - Using 'UTF-8' encoding to copy filtered resources.
2023-06-21 22:40:15,577 [Worker-26: Building] INFO  o.e.m.c.i.embedder.EclipseLogger - skip non existing resourceDirectory E:\Spring-Test\Demo\src\main\resources
2023-06-21 22:40:15,584 [Worker-26: Building] INFO  o.e.m.c.i.embedder.EclipseLogger - Using 'UTF-8' encoding to copy filtered resources.
2023-06-21 22:40:15,584 [Worker-26: Building] INFO  o.e.m.c.i.embedder.EclipseLogger - skip non existing resourceDirectory E:\Spring-Test\Demo\src\test\resources
2023-06-21 23:18:55,116 [Worker-34: Building] INFO  o.e.m.c.i.embedder.EclipseLogger - Using 'UTF-8' encoding to copy filtered resources.
2023-06-21 23:18:55,116 [Worker-34: Building] INFO  o.e.m.c.i.embedder.EclipseLogger - skip non existing resourceDirectory E:\Spring-Test\Demo\src\main\resources
2023-06-21 23:18:55,120 [Worker-34: Building] INFO  o.e.m.c.i.embedder.EclipseLogger - Using 'UTF-8' encoding to copy filtered resources.
2023-06-21 23:18:55,120 [Worker-34: Building] INFO  o.e.m.c.i.embedder.EclipseLogger - skip non existing resourceDirectory E:\Spring-Test\Demo\src\test\resources
2023-06-21 23:20:31,856 [Worker-34: Building] INFO  o.e.m.c.i.embedder.EclipseLogger - Using 'UTF-8' encoding to copy filtered resources.
2023-06-21 23:20:31,857 [Worker-34: Building] INFO  o.e.m.c.i.embedder.EclipseLogger - skip non existing resourceDirectory E:\Spring-Test\Demo\src\main\resources
2023-06-21 23:20:31,862 [Worker-34: Building] INFO  o.e.m.c.i.embedder.EclipseLogger - Using 'UTF-8' encoding to copy filtered resources.
2023-06-21 23:20:31,863 [Worker-34: Building] INFO  o.e.m.c.i.embedder.EclipseLogger - skip non existing resourceDirectory E:\Spring-Test\Demo\src\test\resources
2023-06-21 23:32:16,611 [Worker-35: Building] INFO  o.e.m.c.i.embedder.EclipseLogger - Using 'UTF-8' encoding to copy filtered resources.
2023-06-21 23:32:16,611 [Worker-35: Building] INFO  o.e.m.c.i.embedder.EclipseLogger - skip non existing resourceDirectory E:\Spring-Test\Demo\src\main\resources
2023-06-21 23:32:16,624 [Worker-35: Building] INFO  o.e.m.c.i.embedder.EclipseLogger - Using 'UTF-8' encoding to copy filtered resources.
2023-06-21 23:32:16,625 [Worker-35: Building] INFO  o.e.m.c.i.embedder.EclipseLogger - skip non existing resourceDirectory E:\Spring-Test\Demo\src\test\resources
2023-06-21 23:40:09,098 [Worker-35: Building] INFO  o.e.m.c.i.embedder.EclipseLogger - Using 'UTF-8' encoding to copy filtered resources.
2023-06-21 23:40:09,098 [Worker-35: Building] INFO  o.e.m.c.i.embedder.EclipseLogger - skip non existing resourceDirectory E:\Spring-Test\Demo\src\main\resources
2023-06-21 23:40:09,106 [Worker-35: Building] INFO  o.e.m.c.i.embedder.EclipseLogger - Using 'UTF-8' encoding to copy filtered resources.
2023-06-21 23:40:09,106 [Worker-35: Building] INFO  o.e.m.c.i.embedder.EclipseLogger - skip non existing resourceDirectory E:\Spring-Test\Demo\src\test\resources
2023-06-21 23:41:03,045 [Worker-36: Building] INFO  o.e.m.c.i.embedder.EclipseLogger - Using 'UTF-8' encoding to copy filtered resources.
2023-06-21 23:41:03,045 [Worker-36: Building] INFO  o.e.m.c.i.embedder.EclipseLogger - skip non existing resourceDirectory E:\Spring-Test\Demo\src\main\resources
2023-06-21 23:41:03,051 [Worker-36: Building] INFO  o.e.m.c.i.embedder.EclipseLogger - Using 'UTF-8' encoding to copy filtered resources.
2023-06-21 23:41:03,051 [Worker-36: Building] INFO  o.e.m.c.i.embedder.EclipseLogger - skip non existing resourceDirectory E:\Spring-Test\Demo\src\test\resources
2023-06-21 23:41:43,084 [Worker-36: Building] INFO  o.e.m.c.i.embedder.EclipseLogger - Using 'UTF-8' encoding to copy filtered resources.
2023-06-21 23:41:43,084 [Worker-36: Building] INFO  o.e.m.c.i.embedder.EclipseLogger - skip non existing resourceDirectory E:\Spring-Test\Demo\src\main\resources
2023-06-21 23:41:43,087 [Worker-36: Building] INFO  o.e.m.c.i.embedder.EclipseLogger - Using 'UTF-8' encoding to copy filtered resources.
2023-06-21 23:41:43,087 [Worker-36: Building] INFO  o.e.m.c.i.embedder.EclipseLogger - skip non existing resourceDirectory E:\Spring-Test\Demo\src\test\resources
2023-06-21 23:41:52,139 [Worker-33: Building] INFO  o.e.m.c.i.embedder.EclipseLogger - Using 'UTF-8' encoding to copy filtered resources.
2023-06-21 23:41:52,139 [Worker-33: Building] INFO  o.e.m.c.i.embedder.EclipseLogger - skip non existing resourceDirectory E:\Spring-Test\Demo\src\main\resources
2023-06-21 23:41:52,147 [Worker-33: Building] INFO  o.e.m.c.i.embedder.EclipseLogger - Using 'UTF-8' encoding to copy filtered resources.
2023-06-21 23:41:52,148 [Worker-33: Building] INFO  o.e.m.c.i.embedder.EclipseLogger - skip non existing resourceDirectory E:\Spring-Test\Demo\src\test\resources
2023-06-22 12:03:39,795 [Worker-2: Loading available Gradle versions] INFO  o.e.b.c.i.u.g.PublishedGradleVersions - Gradle version information cache is out-of-date. Trying to update.
2023-06-22 12:03:45,823 [Worker-2: Loading available Gradle versions] INFO  o.e.b.c.i.u.g.PublishedGradleVersions - Updating Gradle version information cache failed. Using outdated cache.
2023-06-24 09:10:28,522 [Worker-0: Loading available Gradle versions] INFO  o.e.b.c.i.u.g.PublishedGradleVersions - Gradle version information cache is out-of-date. Trying to update.
2023-06-24 09:10:30,699 [Worker-0: Loading available Gradle versions] INFO  o.e.b.c.i.u.g.PublishedGradleVersions - Updating Gradle version information cache failed. Using outdated cache.
2023-06-24 09:22:09,582 [Worker-14: Building] INFO  o.e.m.c.i.embedder.EclipseLogger - Using 'UTF-8' encoding to copy filtered resources.
2023-06-24 09:22:09,597 [Worker-14: Building] INFO  o.e.m.c.i.embedder.EclipseLogger - skip non existing resourceDirectory E:\Spring-Test\Demo\src\main\resources
2023-06-24 09:22:09,613 [Worker-14: Building] INFO  o.e.m.c.i.embedder.EclipseLogger - Using 'UTF-8' encoding to copy filtered resources.
2023-06-24 09:22:09,613 [Worker-14: Building] INFO  o.e.m.c.i.embedder.EclipseLogger - skip non existing resourceDirectory E:\Spring-Test\Demo\src\test\resources
2023-06-27 19:23:13,576 [Worker-1: Loading available Gradle versions] INFO  o.e.b.c.i.u.g.PublishedGradleVersions - Gradle version information cache is out-of-date. Trying to update.
2023-06-27 19:23:24,837 [Worker-1: Loading available Gradle versions] INFO  o.e.b.c.i.u.g.PublishedGradleVersions - Updating Gradle version information cache failed. Using outdated cache.
2023-06-27 19:40:59,650 [Worker-2: Loading available Gradle versions] INFO  o.e.b.c.i.u.g.PublishedGradleVersions - Gradle version information cache is out-of-date. Trying to update.
2023-06-27 19:41:12,109 [Worker-2: Loading available Gradle versions] INFO  o.e.b.c.i.u.g.PublishedGradleVersions - Updating Gradle version information cache failed. Using outdated cache.
2023-06-27 19:45:03,029 [Worker-9: Building] INFO  o.e.m.c.i.embedder.EclipseLogger - Using 'UTF-8' encoding to copy filtered resources.
2023-06-27 19:45:03,030 [Worker-9: Building] INFO  o.e.m.c.i.embedder.EclipseLogger - skip non existing resourceDirectory E:\Spring-Test\Demo\src\main\resources
2023-06-27 19:45:03,035 [Worker-9: Building] INFO  o.e.m.c.i.embedder.EclipseLogger - Using 'UTF-8' encoding to copy filtered resources.
2023-06-27 19:45:03,035 [Worker-9: Building] INFO  o.e.m.c.i.embedder.EclipseLogger - skip non existing resourceDirectory E:\Spring-Test\Demo\src\test\resources
2023-06-27 19:45:39,264 [Worker-4: Building] INFO  o.e.m.c.i.embedder.EclipseLogger - Using 'UTF-8' encoding to copy filtered resources.
2023-06-27 19:45:39,264 [Worker-4: Building] INFO  o.e.m.c.i.embedder.EclipseLogger - skip non existing resourceDirectory E:\Spring-Test\Demo\src\main\resources
2023-06-27 19:45:39,272 [Worker-4: Building] INFO  o.e.m.c.i.embedder.EclipseLogger - Using 'UTF-8' encoding to copy filtered resources.
2023-06-27 19:45:39,272 [Worker-4: Building] INFO  o.e.m.c.i.embedder.EclipseLogger - skip non existing resourceDirectory E:\Spring-Test\Demo\src\test\resources
2023-06-27 19:47:52,451 [Worker-12: Building] INFO  o.e.m.c.i.embedder.EclipseLogger - Using 'UTF-8' encoding to copy filtered resources.
2023-06-27 19:47:52,452 [Worker-12: Building] INFO  o.e.m.c.i.embedder.EclipseLogger - skip non existing resourceDirectory E:\Spring-Test\Demo\src\main\resources
2023-06-27 19:47:52,461 [Worker-12: Building] INFO  o.e.m.c.i.embedder.EclipseLogger - Using 'UTF-8' encoding to copy filtered resources.
2023-06-27 19:47:52,462 [Worker-12: Building] INFO  o.e.m.c.i.embedder.EclipseLogger - skip non existing resourceDirectory E:\Spring-Test\Demo\src\test\resources
2023-06-27 20:06:11,467 [Worker-3: Loading available Gradle versions] INFO  o.e.b.c.i.u.g.PublishedGradleVersions - Gradle version information cache is out-of-date. Trying to update.
2023-06-27 20:07:03,477 [Worker-3: Loading available Gradle versions] INFO  o.e.b.c.i.u.g.PublishedGradleVersions - Updating Gradle version information cache failed. Using outdated cache.
2023-06-27 20:11:53,214 [Worker-13: Building] INFO  o.e.m.c.i.embedder.EclipseLogger - Using 'UTF-8' encoding to copy filtered resources.
2023-06-27 20:11:53,224 [Worker-13: Building] INFO  o.e.m.c.i.embedder.EclipseLogger - Copying 0 resource
2023-06-27 20:11:53,321 [Worker-13: Building] INFO  o.e.m.c.i.embedder.EclipseLogger - Using 'UTF-8' encoding to copy filtered resources.
2023-06-27 20:11:53,322 [Worker-13: Building] INFO  o.e.m.c.i.embedder.EclipseLogger - skip non existing resourceDirectory E:\Spring-Test\Demo\src\test\resources
2023-06-27 20:25:18,089 [Worker-2: Loading available Gradle versions] INFO  o.e.b.c.i.u.g.PublishedGradleVersions - Gradle version information cache is out-of-date. Trying to update.
2023-06-27 20:26:17,191 [Worker-2: Loading available Gradle versions] INFO  o.e.b.c.i.u.g.PublishedGradleVersions - Updating Gradle version information cache failed. Using outdated cache.
2023-06-27 20:31:04,918 [Worker-12: Building] INFO  o.e.m.c.i.embedder.EclipseLogger - Using 'UTF-8' encoding to copy filtered resources.
2023-06-27 20:31:04,926 [Worker-12: Building] INFO  o.e.m.c.i.embedder.EclipseLogger - Copying 0 resource
2023-06-27 20:31:04,990 [Worker-12: Building] INFO  o.e.m.c.i.embedder.EclipseLogger - Using 'UTF-8' encoding to copy filtered resources.
2023-06-27 20:31:04,990 [Worker-12: Building] INFO  o.e.m.c.i.embedder.EclipseLogger - skip non existing resourceDirectory E:\Spring-Test\Demo\src\test\resources
2023-06-27 20:31:39,808 [Worker-13: Building] INFO  o.e.m.c.i.embedder.EclipseLogger - Using 'UTF-8' encoding to copy filtered resources.
2023-06-27 20:31:39,815 [Worker-13: Building] INFO  o.e.m.c.i.embedder.EclipseLogger - Copying 1 resource
2023-06-27 20:31:39,837 [Worker-13: Building] INFO  o.e.m.c.i.embedder.EclipseLogger - Using 'UTF-8' encoding to copy filtered resources.
2023-06-27 20:31:39,837 [Worker-13: Building] INFO  o.e.m.c.i.embedder.EclipseLogger - skip non existing resourceDirectory E:\Spring-Test\Demo\src\test\resources
2023-06-27 20:32:46,520 [Worker-13: Building] INFO  o.e.m.c.i.embedder.EclipseLogger - Using 'UTF-8' encoding to copy filtered resources.
2023-06-27 20:32:46,520 [Worker-13: Building] INFO  o.e.m.c.i.embedder.EclipseLogger - Copying 0 resource
2023-06-27 20:32:46,632 [Worker-13: Building] INFO  o.e.m.c.i.embedder.EclipseLogger - Using 'UTF-8' encoding to copy filtered resources.
2023-06-27 20:32:46,632 [Worker-13: Building] INFO  o.e.m.c.i.embedder.EclipseLogger - skip non existing resourceDirectory E:\Spring-Test\Demo\src\test\resources
2023-06-27 20:33:07,666 [Worker-14: Building] INFO  o.e.m.c.i.embedder.EclipseLogger - Using 'UTF-8' encoding to copy filtered resources.
2023-06-27 20:33:07,670 [Worker-14: Building] INFO  o.e.m.c.i.embedder.EclipseLogger - Copying 1 resource
2023-06-27 20:33:07,684 [Worker-14: Building] INFO  o.e.m.c.i.embedder.EclipseLogger - Using 'UTF-8' encoding to copy filtered resources.
2023-06-27 20:33:07,684 [Worker-14: Building] INFO  o.e.m.c.i.embedder.EclipseLogger - skip non existing resourceDirectory E:\Spring-Test\Demo\src\test\resources
2023-06-27 20:33:23,854 [Worker-2: Building] INFO  o.e.m.c.i.embedder.EclipseLogger - Using 'UTF-8' encoding to copy filtered resources.
2023-06-27 20:33:23,855 [Worker-2: Building] INFO  o.e.m.c.i.embedder.EclipseLogger - Copying 0 resource
2023-06-27 20:33:23,870 [Worker-2: Building] INFO  o.e.m.c.i.embedder.EclipseLogger - Using 'UTF-8' encoding to copy filtered resources.
2023-06-27 20:33:23,870 [Worker-2: Building] INFO  o.e.m.c.i.embedder.EclipseLogger - skip non existing resourceDirectory E:\Spring-Test\Demo\src\test\resources
2023-06-27 21:25:48,052 [Worker-17: Building] INFO  o.e.m.c.i.embedder.EclipseLogger - Using 'UTF-8' encoding to copy filtered resources.
2023-06-27 21:25:48,053 [Worker-17: Building] INFO  o.e.m.c.i.embedder.EclipseLogger - Copying 0 resource
2023-06-27 21:25:48,155 [Worker-17: Building] INFO  o.e.m.c.i.embedder.EclipseLogger - Using 'UTF-8' encoding to copy filtered resources.
2023-06-27 21:25:48,155 [Worker-17: Building] INFO  o.e.m.c.i.embedder.EclipseLogger - skip non existing resourceDirectory E:\Spring-Test\Demo\src\test\resources
2023-06-27 21:26:04,034 [Worker-17: Building] INFO  o.e.m.c.i.embedder.EclipseLogger - Using 'UTF-8' encoding to copy filtered resources.
2023-06-27 21:26:04,037 [Worker-17: Building] INFO  o.e.m.c.i.embedder.EclipseLogger - Copying 0 resource
2023-06-27 21:26:04,060 [Worker-17: Building] INFO  o.e.m.c.i.embedder.EclipseLogger - Using 'UTF-8' encoding to copy filtered resources.
2023-06-27 21:26:04,061 [Worker-17: Building] INFO  o.e.m.c.i.embedder.EclipseLogger - skip non existing resourceDirectory E:\Spring-Test\Demo\src\test\resources
2023-06-27 21:42:25,322 [Worker-29: Building] INFO  o.e.m.c.i.embedder.EclipseLogger - Using 'UTF-8' encoding to copy filtered resources.
2023-06-27 21:42:25,322 [Worker-29: Building] INFO  o.e.m.c.i.embedder.EclipseLogger - Copying 0 resource
2023-06-27 21:42:25,430 [Worker-29: Building] INFO  o.e.m.c.i.embedder.EclipseLogger - Using 'UTF-8' encoding to copy filtered resources.
2023-06-27 21:42:25,430 [Worker-29: Building] INFO  o.e.m.c.i.embedder.EclipseLogger - skip non existing resourceDirectory E:\Spring-Test\Demo\src\test\resources
2023-06-27 21:56:26,934 [Worker-30: Building] INFO  o.e.m.c.i.embedder.EclipseLogger - Using 'UTF-8' encoding to copy filtered resources.
2023-06-27 21:56:26,935 [Worker-30: Building] INFO  o.e.m.c.i.embedder.EclipseLogger - Copying 0 resource
2023-06-27 21:56:26,939 [Worker-30: Building] INFO  o.e.m.c.i.embedder.EclipseLogger - Using 'UTF-8' encoding to copy filtered resources.
2023-06-27 21:56:26,941 [Worker-30: Building] INFO  o.e.m.c.i.embedder.EclipseLogger - skip non existing resourceDirectory E:\Spring-Test\Demo\src\test\resources
2023-06-27 21:57:18,743 [Worker-31: Building] INFO  o.e.m.c.i.embedder.EclipseLogger - Using 'UTF-8' encoding to copy filtered resources.
2023-06-27 21:57:18,744 [Worker-31: Building] INFO  o.e.m.c.i.embedder.EclipseLogger - Copying 0 resource
2023-06-27 21:57:18,748 [Worker-31: Building] INFO  o.e.m.c.i.embedder.EclipseLogger - Using 'UTF-8' encoding to copy filtered resources.
2023-06-27 21:57:18,748 [Worker-31: Building] INFO  o.e.m.c.i.embedder.EclipseLogger - skip non existing resourceDirectory E:\Spring-Test\Demo\src\test\resources
2023-06-27 21:57:19,788 [Worker-31: Building] INFO  o.e.m.c.i.embedder.EclipseLogger - Using 'UTF-8' encoding to copy filtered resources.
2023-06-27 21:57:19,790 [Worker-31: Building] INFO  o.e.m.c.i.embedder.EclipseLogger - Copying 0 resource
2023-06-27 21:57:19,805 [Worker-31: Building] INFO  o.e.m.c.i.embedder.EclipseLogger - Using 'UTF-8' encoding to copy filtered resources.
2023-06-27 21:57:19,806 [Worker-31: Building] INFO  o.e.m.c.i.embedder.EclipseLogger - skip non existing resourceDirectory E:\Spring-Test\Demo\src\test\resources
2023-06-27 23:50:56,761 [Worker-1: Loading available Gradle versions] INFO  o.e.b.c.i.u.g.PublishedGradleVersions - Gradle version information cache is up-to-date. Trying to read.
2023-08-17 15:34:22,535 [Worker-2: Loading available Gradle versions] INFO  o.e.b.c.i.u.g.PublishedGradleVersions - Gradle version information cache is out-of-date. Trying to update.
2023-08-17 15:34:26,508 [Worker-2: Loading available Gradle versions] INFO  o.e.b.c.i.u.g.PublishedGradleVersions - Updating Gradle version information cache failed. Using outdated cache.
2023-08-17 15:49:21,961 [Worker-2: Loading available Gradle versions] INFO  o.e.b.c.i.u.g.PublishedGradleVersions - Gradle version information cache is out-of-date. Trying to update.
2023-08-17 15:49:29,688 [Worker-2: Loading available Gradle versions] INFO  o.e.b.c.i.u.g.PublishedGradleVersions - Updating Gradle version information cache failed. Using outdated cache.
